<?xml version="1.0" encoding="utf-8"?><testsuites name="pytest tests"><testsuite name="pytest" errors="0" failures="0" skipped="0" tests="3" time="3.955" timestamp="2025-08-19T06:12:00.111445-03:00" hostname="DESKTOP-RVJV7N4"><testcase classname="Tests.Unit.test_ea_template.TestEATemplate" name="test_ea_template_exists" time="0.004" /><testcase classname="Tests.Unit.test_ea_template.TestEATemplate" name="test_ea_template_content" time="0.003" /><testcase classname="Tests.Unit.test_ea_template.TestEATemplate" name="test_ftmo_compliance_parameters" time="0.002" /></testsuite></testsuites>